<?xml version="1.0" encoding="UTF-8"?>
<testsuite xmlns:xsi="http://www.w3.org/2001/XMLSchema-instance" xsi:noNamespaceSchemaLocation="https://maven.apache.org/surefire/maven-surefire-plugin/xsd/surefire-test-report.xsd" name="rhtraining.dummyWebsite.TableTest" time="3.668" tests="1" errors="0" skipped="0" failures="0">
  <properties>
    <property name="sun.desktop" value="gnome"/>
    <property name="awt.toolkit" value="sun.awt.X11.XToolkit"/>
    <property name="java.specification.version" value="11"/>
    <property name="sun.cpu.isalist" value=""/>
    <property name="sun.jnu.encoding" value="UTF-8"/>
    <property name="java.class.path" value="/home/jvrubel/redhat-training/training-parent/selenide-not-cucumber/target/test-classes:/home/jvrubel/redhat-training/training-parent/selenide-not-cucumber/target/classes:/home/jvrubel/.m2/repository/junit/junit/4.11/junit-4.11.jar:/home/jvrubel/.m2/repository/org/hamcrest/hamcrest-core/1.3/hamcrest-core-1.3.jar:/home/jvrubel/.m2/repository/com/codeborne/selenide/5.9.0/selenide-5.9.0.jar:/home/jvrubel/.m2/repository/org/seleniumhq/selenium/selenium-java/3.141.59/selenium-java-3.141.59.jar:/home/jvrubel/.m2/repository/org/seleniumhq/selenium/selenium-api/3.141.59/selenium-api-3.141.59.jar:/home/jvrubel/.m2/repository/org/seleniumhq/selenium/selenium-chrome-driver/3.141.59/selenium-chrome-driver-3.141.59.jar:/home/jvrubel/.m2/repository/org/seleniumhq/selenium/selenium-edge-driver/3.141.59/selenium-edge-driver-3.141.59.jar:/home/jvrubel/.m2/repository/org/seleniumhq/selenium/selenium-firefox-driver/3.141.59/selenium-firefox-driver-3.141.59.jar:/home/jvrubel/.m2/repository/org/seleniumhq/selenium/selenium-ie-driver/3.141.59/selenium-ie-driver-3.141.59.jar:/home/jvrubel/.m2/repository/org/seleniumhq/selenium/selenium-opera-driver/3.141.59/selenium-opera-driver-3.141.59.jar:/home/jvrubel/.m2/repository/org/seleniumhq/selenium/selenium-remote-driver/3.141.59/selenium-remote-driver-3.141.59.jar:/home/jvrubel/.m2/repository/org/seleniumhq/selenium/selenium-safari-driver/3.141.59/selenium-safari-driver-3.141.59.jar:/home/jvrubel/.m2/repository/org/seleniumhq/selenium/selenium-support/3.141.59/selenium-support-3.141.59.jar:/home/jvrubel/.m2/repository/org/apache/commons/commons-exec/1.3/commons-exec-1.3.jar:/home/jvrubel/.m2/repository/com/google/guava/guava/25.0-jre/guava-25.0-jre.jar:/home/jvrubel/.m2/repository/com/google/code/findbugs/jsr305/1.3.9/jsr305-1.3.9.jar:/home/jvrubel/.m2/repository/org/checkerframework/checker-compat-qual/2.0.0/checker-compat-qual-2.0.0.jar:/home/jvrubel/.m2/repository/com/google/errorprone/error_prone_annotations/2.1.3/error_prone_annotations-2.1.3.jar:/home/jvrubel/.m2/repository/com/google/j2objc/j2objc-annotations/1.1/j2objc-annotations-1.1.jar:/home/jvrubel/.m2/repository/org/codehaus/mojo/animal-sniffer-annotations/1.14/animal-sniffer-annotations-1.14.jar:/home/jvrubel/.m2/repository/com/squareup/okhttp3/okhttp/3.11.0/okhttp-3.11.0.jar:/home/jvrubel/.m2/repository/com/squareup/okio/okio/1.14.0/okio-1.14.0.jar:/home/jvrubel/.m2/repository/io/github/bonigarcia/webdrivermanager/3.8.1/webdrivermanager-3.8.1.jar:/home/jvrubel/.m2/repository/commons-io/commons-io/2.6/commons-io-2.6.jar:/home/jvrubel/.m2/repository/com/google/code/gson/gson/2.8.5/gson-2.8.5.jar:/home/jvrubel/.m2/repository/org/apache/commons/commons-lang3/3.8.1/commons-lang3-3.8.1.jar:/home/jvrubel/.m2/repository/org/apache/httpcomponents/httpclient/4.5.6/httpclient-4.5.6.jar:/home/jvrubel/.m2/repository/org/apache/httpcomponents/httpcore/4.4.10/httpcore-4.4.10.jar:/home/jvrubel/.m2/repository/commons-logging/commons-logging/1.2/commons-logging-1.2.jar:/home/jvrubel/.m2/repository/commons-codec/commons-codec/1.10/commons-codec-1.10.jar:/home/jvrubel/.m2/repository/org/rauschig/jarchivelib/1.0.0/jarchivelib-1.0.0.jar:/home/jvrubel/.m2/repository/org/apache/commons/commons-compress/1.18/commons-compress-1.18.jar:/home/jvrubel/.m2/repository/org/jsoup/jsoup/1.11.3/jsoup-1.11.3.jar:/home/jvrubel/.m2/repository/com/browserup/browserup-proxy-core/2.0.1/browserup-proxy-core-2.0.1.jar:/home/jvrubel/.m2/repository/com/browserup/browserup-proxy-mitm/2.0.1/browserup-proxy-mitm-2.0.1.jar:/home/jvrubel/.m2/repository/javax/xml/bind/jaxb-api/2.3.1/jaxb-api-2.3.1.jar:/home/jvrubel/.m2/repository/javax/activation/javax.activation-api/1.2.0/javax.activation-api-1.2.0.jar:/home/jvrubel/.m2/repository/com/fasterxml/jackson/core/jackson-core/2.9.9/jackson-core-2.9.9.jar:/home/jvrubel/.m2/repository/com/fasterxml/jackson/core/jackson-databind/2.9.9.1/jackson-databind-2.9.9.1.jar:/home/jvrubel/.m2/repository/com/fasterxml/jackson/core/jackson-annotations/2.9.9/jackson-annotations-2.9.9.jar:/home/jvrubel/.m2/repository/com/jcraft/jzlib/1.1.3/jzlib-1.1.3.jar:/home/jvrubel/.m2/repository/dnsjava/dnsjava/2.1.9/dnsjava-2.1.9.jar:/home/jvrubel/.m2/repository/org/bouncycastle/bcpkix-jdk15on/1.62/bcpkix-jdk15on-1.62.jar:/home/jvrubel/.m2/repository/org/bouncycastle/bcprov-jdk15on/1.62/bcprov-jdk15on-1.62.jar:/home/jvrubel/.m2/repository/org/brotli/dec/0.1.2/dec-0.1.2.jar:/home/jvrubel/.m2/repository/org/javassist/javassist/3.25.0-GA/javassist-3.25.0-GA.jar:/home/jvrubel/.m2/repository/org/slf4j/jcl-over-slf4j/1.7.28/jcl-over-slf4j-1.7.28.jar:/home/jvrubel/.m2/repository/io/netty/netty-all/4.1.45.Final/netty-all-4.1.45.Final.jar:/home/jvrubel/.m2/repository/xyz/rogfam/littleproxy/2.0.0-beta-5/littleproxy-2.0.0-beta-5.jar:/home/jvrubel/.m2/repository/com/barchart/udt/barchart-udt-bundle/2.3.0/barchart-udt-bundle-2.3.0.jar:/home/jvrubel/.m2/repository/org/slf4j/slf4j-api/1.7.30/slf4j-api-1.7.30.jar:"/>
    <property name="java.vm.vendor" value="Azul Systems, Inc."/>
    <property name="sun.arch.data.model" value="64"/>
    <property name="java.vendor.url" value="http://www.azulsystems.com/"/>
    <property name="user.timezone" value=""/>
    <property name="java.vm.specification.version" value="11"/>
    <property name="os.name" value="Linux"/>
    <property name="sun.java.launcher" value="SUN_STANDARD"/>
    <property name="user.country" value="US"/>
    <property name="sun.boot.library.path" value="/home/jvrubel/.sdkman/candidates/java/11.0.3-zulu/lib"/>
    <property name="sun.java.command" value="/home/jvrubel/redhat-training/training-parent/selenide-not-cucumber/target/surefire/surefirebooter14097582683975847980.jar /home/jvrubel/redhat-training/training-parent/selenide-not-cucumber/target/surefire 2020-03-16T14-57-20_735-jvmRun1 surefire16740311764143898619tmp surefire_154529029882997635tmp"/>
    <property name="jdk.debug" value="release"/>
    <property name="surefire.test.class.path" value="/home/jvrubel/redhat-training/training-parent/selenide-not-cucumber/target/test-classes:/home/jvrubel/redhat-training/training-parent/selenide-not-cucumber/target/classes:/home/jvrubel/.m2/repository/junit/junit/4.11/junit-4.11.jar:/home/jvrubel/.m2/repository/org/hamcrest/hamcrest-core/1.3/hamcrest-core-1.3.jar:/home/jvrubel/.m2/repository/com/codeborne/selenide/5.9.0/selenide-5.9.0.jar:/home/jvrubel/.m2/repository/org/seleniumhq/selenium/selenium-java/3.141.59/selenium-java-3.141.59.jar:/home/jvrubel/.m2/repository/org/seleniumhq/selenium/selenium-api/3.141.59/selenium-api-3.141.59.jar:/home/jvrubel/.m2/repository/org/seleniumhq/selenium/selenium-chrome-driver/3.141.59/selenium-chrome-driver-3.141.59.jar:/home/jvrubel/.m2/repository/org/seleniumhq/selenium/selenium-edge-driver/3.141.59/selenium-edge-driver-3.141.59.jar:/home/jvrubel/.m2/repository/org/seleniumhq/selenium/selenium-firefox-driver/3.141.59/selenium-firefox-driver-3.141.59.jar:/home/jvrubel/.m2/repository/org/seleniumhq/selenium/selenium-ie-driver/3.141.59/selenium-ie-driver-3.141.59.jar:/home/jvrubel/.m2/repository/org/seleniumhq/selenium/selenium-opera-driver/3.141.59/selenium-opera-driver-3.141.59.jar:/home/jvrubel/.m2/repository/org/seleniumhq/selenium/selenium-remote-driver/3.141.59/selenium-remote-driver-3.141.59.jar:/home/jvrubel/.m2/repository/org/seleniumhq/selenium/selenium-safari-driver/3.141.59/selenium-safari-driver-3.141.59.jar:/home/jvrubel/.m2/repository/org/seleniumhq/selenium/selenium-support/3.141.59/selenium-support-3.141.59.jar:/home/jvrubel/.m2/repository/org/apache/commons/commons-exec/1.3/commons-exec-1.3.jar:/home/jvrubel/.m2/repository/com/google/guava/guava/25.0-jre/guava-25.0-jre.jar:/home/jvrubel/.m2/repository/com/google/code/findbugs/jsr305/1.3.9/jsr305-1.3.9.jar:/home/jvrubel/.m2/repository/org/checkerframework/checker-compat-qual/2.0.0/checker-compat-qual-2.0.0.jar:/home/jvrubel/.m2/repository/com/google/errorprone/error_prone_annotations/2.1.3/error_prone_annotations-2.1.3.jar:/home/jvrubel/.m2/repository/com/google/j2objc/j2objc-annotations/1.1/j2objc-annotations-1.1.jar:/home/jvrubel/.m2/repository/org/codehaus/mojo/animal-sniffer-annotations/1.14/animal-sniffer-annotations-1.14.jar:/home/jvrubel/.m2/repository/com/squareup/okhttp3/okhttp/3.11.0/okhttp-3.11.0.jar:/home/jvrubel/.m2/repository/com/squareup/okio/okio/1.14.0/okio-1.14.0.jar:/home/jvrubel/.m2/repository/io/github/bonigarcia/webdrivermanager/3.8.1/webdrivermanager-3.8.1.jar:/home/jvrubel/.m2/repository/commons-io/commons-io/2.6/commons-io-2.6.jar:/home/jvrubel/.m2/repository/com/google/code/gson/gson/2.8.5/gson-2.8.5.jar:/home/jvrubel/.m2/repository/org/apache/commons/commons-lang3/3.8.1/commons-lang3-3.8.1.jar:/home/jvrubel/.m2/repository/org/apache/httpcomponents/httpclient/4.5.6/httpclient-4.5.6.jar:/home/jvrubel/.m2/repository/org/apache/httpcomponents/httpcore/4.4.10/httpcore-4.4.10.jar:/home/jvrubel/.m2/repository/commons-logging/commons-logging/1.2/commons-logging-1.2.jar:/home/jvrubel/.m2/repository/commons-codec/commons-codec/1.10/commons-codec-1.10.jar:/home/jvrubel/.m2/repository/org/rauschig/jarchivelib/1.0.0/jarchivelib-1.0.0.jar:/home/jvrubel/.m2/repository/org/apache/commons/commons-compress/1.18/commons-compress-1.18.jar:/home/jvrubel/.m2/repository/org/jsoup/jsoup/1.11.3/jsoup-1.11.3.jar:/home/jvrubel/.m2/repository/com/browserup/browserup-proxy-core/2.0.1/browserup-proxy-core-2.0.1.jar:/home/jvrubel/.m2/repository/com/browserup/browserup-proxy-mitm/2.0.1/browserup-proxy-mitm-2.0.1.jar:/home/jvrubel/.m2/repository/javax/xml/bind/jaxb-api/2.3.1/jaxb-api-2.3.1.jar:/home/jvrubel/.m2/repository/javax/activation/javax.activation-api/1.2.0/javax.activation-api-1.2.0.jar:/home/jvrubel/.m2/repository/com/fasterxml/jackson/core/jackson-core/2.9.9/jackson-core-2.9.9.jar:/home/jvrubel/.m2/repository/com/fasterxml/jackson/core/jackson-databind/2.9.9.1/jackson-databind-2.9.9.1.jar:/home/jvrubel/.m2/repository/com/fasterxml/jackson/core/jackson-annotations/2.9.9/jackson-annotations-2.9.9.jar:/home/jvrubel/.m2/repository/com/jcraft/jzlib/1.1.3/jzlib-1.1.3.jar:/home/jvrubel/.m2/repository/dnsjava/dnsjava/2.1.9/dnsjava-2.1.9.jar:/home/jvrubel/.m2/repository/org/bouncycastle/bcpkix-jdk15on/1.62/bcpkix-jdk15on-1.62.jar:/home/jvrubel/.m2/repository/org/bouncycastle/bcprov-jdk15on/1.62/bcprov-jdk15on-1.62.jar:/home/jvrubel/.m2/repository/org/brotli/dec/0.1.2/dec-0.1.2.jar:/home/jvrubel/.m2/repository/org/javassist/javassist/3.25.0-GA/javassist-3.25.0-GA.jar:/home/jvrubel/.m2/repository/org/slf4j/jcl-over-slf4j/1.7.28/jcl-over-slf4j-1.7.28.jar:/home/jvrubel/.m2/repository/io/netty/netty-all/4.1.45.Final/netty-all-4.1.45.Final.jar:/home/jvrubel/.m2/repository/xyz/rogfam/littleproxy/2.0.0-beta-5/littleproxy-2.0.0-beta-5.jar:/home/jvrubel/.m2/repository/com/barchart/udt/barchart-udt-bundle/2.3.0/barchart-udt-bundle-2.3.0.jar:/home/jvrubel/.m2/repository/org/slf4j/slf4j-api/1.7.30/slf4j-api-1.7.30.jar:"/>
    <property name="sun.cpu.endian" value="little"/>
    <property name="user.home" value="/home/jvrubel"/>
    <property name="user.language" value="en"/>
    <property name="java.specification.vendor" value="Oracle Corporation"/>
    <property name="java.version.date" value="2019-04-16"/>
    <property name="java.home" value="/home/jvrubel/.sdkman/candidates/java/11.0.3-zulu"/>
    <property name="file.separator" value="/"/>
    <property name="basedir" value="/home/jvrubel/redhat-training/training-parent/selenide-not-cucumber"/>
    <property name="java.vm.compressedOopsMode" value="Zero based"/>
    <property name="line.separator" value="&#10;"/>
    <property name="java.specification.name" value="Java Platform API Specification"/>
    <property name="java.vm.specification.vendor" value="Oracle Corporation"/>
    <property name="java.awt.graphicsenv" value="sun.awt.X11GraphicsEnvironment"/>
    <property name="surefire.real.class.path" value="/home/jvrubel/redhat-training/training-parent/selenide-not-cucumber/target/surefire/surefirebooter14097582683975847980.jar"/>
    <property name="sun.management.compiler" value="HotSpot 64-Bit Tiered Compilers"/>
    <property name="java.runtime.version" value="11.0.3+7-LTS"/>
    <property name="user.name" value="jvrubel"/>
    <property name="path.separator" value=":"/>
    <property name="os.version" value="4.18.0-80.4.2.el8_0.x86_64"/>
    <property name="java.runtime.name" value="OpenJDK Runtime Environment"/>
    <property name="file.encoding" value="UTF-8"/>
    <property name="java.vm.name" value="OpenJDK 64-Bit Server VM"/>
    <property name="java.vendor.version" value="Zulu11.31+11-CA"/>
    <property name="localRepository" value="/home/jvrubel/.m2/repository"/>
    <property name="java.vendor.url.bug" value="http://www.azulsystems.com/support/"/>
    <property name="java.io.tmpdir" value="/tmp"/>
    <property name="java.version" value="11.0.3"/>
    <property name="user.dir" value="/home/jvrubel/redhat-training/training-parent/selenide-not-cucumber"/>
    <property name="os.arch" value="amd64"/>
    <property name="java.vm.specification.name" value="Java Virtual Machine Specification"/>
    <property name="java.awt.printerjob" value="sun.print.PSPrinterJob"/>
    <property name="sun.os.patch.level" value="unknown"/>
    <property name="java.library.path" value="/usr/java/packages/lib:/usr/lib64:/lib64:/lib:/usr/lib"/>
    <property name="java.vendor" value="Azul Systems, Inc."/>
    <property name="java.vm.info" value="mixed mode"/>
    <property name="java.vm.version" value="11.0.3+7-LTS"/>
    <property name="sun.io.unicode.encoding" value="UnicodeLittle"/>
    <property name="java.class.version" value="55.0"/>
  </properties>
  <testcase name="tableTest" classname="rhtraining.dummyWebsite.TableTest" time="3.631"/>
</testsuite>